<?xml version="1.0" encoding="UTF-8"?>
<!-- Generated by org.testng.reporters.JUnitReportReporter -->
<testsuite hostname="ATMECSINDT-083" failures="0" tests="1" name="com.atmecs.BrowserSetup.BrowserSetup" time="19.880" errors="0" timestamp="24 Sep 2019 09:43:11 GMT" skipped="0">
  <testcase classname="com.atmecs.BrowserSetup.BrowserSetup" name="setup" time="19.880"/>
</testsuite> <!-- com.atmecs.BrowserSetup.BrowserSetup -->
